<?xml version="1.0" encoding="UTF-8"?>
<!-- Generated by org.testng.reporters.JUnitReportReporter -->
<testsuite skipped="0" hostname="DESKTOP-VTF9A6I" name="quickacadamy.Mavenjava.SeleniumTest" tests="2" failures="0" timestamp="2021-12-17T19:17:56 IST" time="0.003" errors="0">
  <testcase name="seleniumlogin" time="0.003" classname="quickacadamy.Mavenjava.SeleniumTest"/>
  <system-out/>
  <testcase name="seleniumSignup" time="0.000" classname="quickacadamy.Mavenjava.SeleniumTest"/>
  <system-out/>
</testsuite> <!-- quickacadamy.Mavenjava.SeleniumTest -->
