<?xml version="1.0" encoding="UTF-8"?>
<!-- Generated by org.testng.reporters.JUnitReportReporter -->
<testsuite skipped="0" hostname="DESKTOP-VTF9A6I" name="quickacadamy.Mavenjava.AppiumTest" tests="2" failures="0" timestamp="2021-12-17T19:43:24 IST" time="0.008" errors="0">
  <testcase name="AppiumSignup" time="0.007" classname="quickacadamy.Mavenjava.AppiumTest"/>
  <system-out/>
  <testcase name="Appiumlogin" time="0.001" classname="quickacadamy.Mavenjava.AppiumTest"/>
  <system-out/>
</testsuite> <!-- quickacadamy.Mavenjava.AppiumTest -->
